2019-12-10 20:07:51,716  INFO  [root]  [test01_login.py(test01_login:29)]  -  登录成功组合后的token:{'Content-Type': 'application/json', 'Authorization': 'Bearer f824c5d1-9605-43b5-b745-7cdabf10949e'}
2019-12-10 20:07:51,717  INFO  [root]  [test01_login.py(test01_login:32)]  -  登录返回的数据:{'success': True, 'code': 10000, 'message': '操作成功！', 'data': 'f824c5d1-9605-43b5-b745-7cdabf10949e'}
2019-12-10 20:07:51,717  INFO  [root]  [test01_login.py(test01_login:35)]  -  登录成功后headers值为:{'Content-Type': 'application/json', 'Authorization': 'Bearer f824c5d1-9605-43b5-b745-7cdabf10949e'}
2019-12-10 20:07:51,745  INFO  [root]  [test02_employee.py(test_01_post:18)]  -  添加员工返回的响应信息:{'success': True, 'code': 10000, 'message': '操作成功！', 'data': {'id': '1204372279869657088'}}
2019-12-10 20:07:51,745  INFO  [root]  [test02_employee.py(test_01_post:22)]  -  新增员工的id为:1204372279869657088
2019-12-10 20:07:51,779  INFO  [root]  [test02_employee.py(test_02_get:30)]  -  查询添加的员工的信息:{'success': True, 'code': 10000, 'message': '操作成功！', 'data': {'id': '1204372279869657088', 'mobile': '13812113333', 'username': 'TTSS000', 'password': '985a6e255b9b3ee7e0b81537045da53f', 'enableState': 1, 'createTime': None, 'companyId': '1', 'companyName': '传智播客', 'departmentId': None, 'timeOfEntry': None, 'formOfEmployment': None, 'workNumber': '123654887', 'formOfManagement': None, 'workingCity': None, 'correctionTime': None, 'inServiceStatus': None, 'departmentName': None, 'roleIds': [], 'staffPhoto': None}}
2019-12-10 20:07:51,816  INFO  [root]  [test02_employee.py(test_03_put:40)]  -  修改员工的信息:{'success': True, 'code': 10000, 'message': '操作成功！', 'data': {'id': '1204372279869657088'}}
2019-12-10 20:07:51,841  INFO  [root]  [test02_employee.py(test_04_delete:50)]  -  删除员工返回的响应信息:{'success': True, 'code': 10000, 'message': '操作成功！', 'data': None}
2019-12-10 20:16:10,384  INFO  [root]  [test01_login.py(test01_login:29)]  -  登录成功组合后的token:{'Content-Type': 'application/json', 'Authorization': 'Bearer 5387bd5e-9f95-483f-ba10-4941f3adcd8c'}
2019-12-10 20:16:10,385  INFO  [root]  [test01_login.py(test01_login:32)]  -  登录返回的数据:{'success': True, 'code': 10000, 'message': '操作成功！', 'data': '5387bd5e-9f95-483f-ba10-4941f3adcd8c'}
2019-12-10 20:16:10,385  INFO  [root]  [test01_login.py(test01_login:35)]  -  登录成功后headers值为:{'Content-Type': 'application/json', 'Authorization': 'Bearer 5387bd5e-9f95-483f-ba10-4941f3adcd8c'}
2019-12-10 20:16:10,416  INFO  [root]  [test02_employee.py(test_01_post:18)]  -  添加员工返回的响应信息:{'success': True, 'code': 10000, 'message': '操作成功！', 'data': {'id': '1204374371460009984'}}
2019-12-10 20:16:10,416  INFO  [root]  [test02_employee.py(test_01_post:22)]  -  新增员工的id为:1204374371460009984
2019-12-10 20:16:10,441  INFO  [root]  [test02_employee.py(test_02_get:30)]  -  查询添加的员工的信息:{'success': True, 'code': 10000, 'message': '操作成功！', 'data': {'id': '1204374371460009984', 'mobile': '13812113333', 'username': 'TTSS000', 'password': '985a6e255b9b3ee7e0b81537045da53f', 'enableState': 1, 'createTime': None, 'companyId': '1', 'companyName': '传智播客', 'departmentId': None, 'timeOfEntry': None, 'formOfEmployment': None, 'workNumber': '123654887', 'formOfManagement': None, 'workingCity': None, 'correctionTime': None, 'inServiceStatus': None, 'departmentName': None, 'roleIds': [], 'staffPhoto': None}}
2019-12-10 20:16:10,466  INFO  [root]  [test02_employee.py(test_03_put:40)]  -  修改员工的信息:{'success': True, 'code': 10000, 'message': '操作成功！', 'data': {'id': '1204374371460009984'}}
2019-12-10 20:16:10,495  INFO  [root]  [test02_employee.py(test_04_delete:50)]  -  删除员工返回的响应信息:{'success': True, 'code': 10000, 'message': '操作成功！', 'data': None}
2019-12-10 21:01:55,086  INFO  [root]  [test01_login.py(test01_login:46)]  -  登录成功组合后的token:{'Content-Type': 'application/json', 'Authorization': 'Bearer 74a1c3c8-9682-48da-9b9a-fda026f3d556'}
2019-12-10 21:01:55,086  INFO  [root]  [test01_login.py(test01_login:49)]  -  登录返回的数据:{'success': True, 'code': 10000, 'message': '操作成功！', 'data': '74a1c3c8-9682-48da-9b9a-fda026f3d556'}
2019-12-10 21:01:55,086  INFO  [root]  [test01_login.py(test01_login:52)]  -  登录成功后headers值为:{'Content-Type': 'application/json', 'Authorization': 'Bearer 74a1c3c8-9682-48da-9b9a-fda026f3d556'}
2019-12-10 21:01:55,114  INFO  [root]  [test02_employee.py(test_01_post:31)]  -  添加员工返回的响应信息:{'success': True, 'code': 10000, 'message': '操作成功！', 'data': {'id': '1204385883675250688'}}
2019-12-10 21:01:55,114  INFO  [root]  [test02_employee.py(test_01_post:35)]  -  新增员工的id为:1204385883675250688
2019-12-10 21:01:55,151  INFO  [root]  [test02_employee.py(test_02_get:43)]  -  查询添加的员工的信息:{'success': True, 'code': 10000, 'message': '操作成功！', 'data': {'id': '1204385883675250688', 'mobile': '13812113333', 'username': 'TTSS000', 'password': '985a6e255b9b3ee7e0b81537045da53f', 'enableState': 1, 'createTime': None, 'companyId': '1', 'companyName': '传智播客', 'departmentId': None, 'timeOfEntry': None, 'formOfEmployment': None, 'workNumber': '123654887', 'formOfManagement': None, 'workingCity': None, 'correctionTime': None, 'inServiceStatus': None, 'departmentName': None, 'roleIds': [], 'staffPhoto': None}}
2019-12-10 21:01:55,178  INFO  [root]  [test02_employee.py(test_03_put:53)]  -  修改员工的信息:{'success': True, 'code': 10000, 'message': '操作成功！', 'data': {'id': '1204385883675250688'}}
2019-12-10 21:01:55,204  INFO  [root]  [test02_employee.py(test_04_delete:63)]  -  删除员工返回的响应信息:{'success': True, 'code': 10000, 'message': '操作成功！', 'data': None}
2019-12-10 21:04:33,470  INFO  [root]  [test01_login.py(test01_login:46)]  -  登录成功组合后的token:{'Content-Type': 'application/json', 'Authorization': 'Bearer 588b02b0-9f3f-4ae5-8d78-d48d09fc24c1'}
2019-12-10 21:04:33,471  INFO  [root]  [test01_login.py(test01_login:49)]  -  登录返回的数据:{'success': True, 'code': 10000, 'message': '操作成功！', 'data': '588b02b0-9f3f-4ae5-8d78-d48d09fc24c1'}
2019-12-10 21:04:33,471  INFO  [root]  [test01_login.py(test01_login:52)]  -  登录成功后headers值为:{'Content-Type': 'application/json', 'Authorization': 'Bearer 588b02b0-9f3f-4ae5-8d78-d48d09fc24c1'}
2019-12-10 21:04:33,499  INFO  [root]  [test02_employee.py(test_01_post:31)]  -  添加员工返回的响应信息:{'success': True, 'code': 10000, 'message': '操作成功！', 'data': {'id': '1204386548002672640'}}
2019-12-10 21:04:33,500  INFO  [root]  [test02_employee.py(test_01_post:35)]  -  新增员工的id为:1204386548002672640
2019-12-10 21:04:33,521  INFO  [root]  [test02_employee.py(test_02_get:43)]  -  查询添加的员工的信息:{'success': True, 'code': 10000, 'message': '操作成功！', 'data': {'id': '1204386548002672640', 'mobile': '13812113333', 'username': 'TTSS000', 'password': '985a6e255b9b3ee7e0b81537045da53f', 'enableState': 1, 'createTime': None, 'companyId': '1', 'companyName': '传智播客', 'departmentId': None, 'timeOfEntry': None, 'formOfEmployment': None, 'workNumber': '123654887', 'formOfManagement': None, 'workingCity': None, 'correctionTime': None, 'inServiceStatus': None, 'departmentName': None, 'roleIds': [], 'staffPhoto': None}}
2019-12-10 21:04:33,546  INFO  [root]  [test02_employee.py(test_03_put:53)]  -  修改员工的信息:{'success': True, 'code': 10000, 'message': '操作成功！', 'data': {'id': '1204386548002672640'}}
2019-12-10 21:04:33,571  INFO  [root]  [test02_employee.py(test_04_delete:63)]  -  删除员工返回的响应信息:{'success': True, 'code': 10000, 'message': '操作成功！', 'data': None}
